led 05, 2025 6:49:06 ODP. org.example.blackjack.ClientLogger logInfo
INFO: Attempting to connect to server...127.0.0.1:8080
led 05, 2025 6:49:06 ODP. org.example.blackjack.ClientLogger logInfo
INFO: Connected to server: 127.0.0.1:8080
led 05, 2025 6:49:06 ODP. org.example.blackjack.ClientLogger logInfo
INFO: Sending command to server: CONNECT|win
led 05, 2025 6:49:07 ODP. org.example.blackjack.ClientLogger logInfo
INFO: Sending command to server: REFRESH
led 05, 2025 6:49:07 ODP. org.example.blackjack.ClientLogger logInfo
INFO: Response from server: ROOMS
led 05, 2025 6:49:10 ODP. org.example.blackjack.ClientLogger logInfo
INFO: Sending command to server: CREATE_ROOM|1
led 05, 2025 6:49:10 ODP. org.example.blackjack.ClientLogger logInfo
INFO: Response from server: ROOMS|e0d65b26-9b62c-f3606-305a3-d9d46787a|waiting|0/1
led 05, 2025 6:49:14 ODP. org.example.blackjack.ClientLogger logInfo
INFO: Sending command to server: JOIN_ROOM|e0d65b26-9b62c-f3606-305a3-d9d46787a
led 05, 2025 6:49:14 ODP. org.example.blackjack.ClientLogger logInfo
INFO: Response from server: GAME_START|PLAYER_ID|win
led 05, 2025 6:49:14 ODP. org.example.blackjack.ClientLogger logInfo
INFO: Sending command to server: IN_GAME
led 05, 2025 6:49:14 ODP. org.example.blackjack.ClientLogger logInfo
INFO: Response from server: YOUR_TURN
led 05, 2025 6:49:15 ODP. org.example.blackjack.ClientLogger logInfo
INFO: Sending command to server: HIT
led 05, 2025 6:49:15 ODP. org.example.blackjack.ClientLogger logInfo
INFO: Response from server: DEALER_CARD|KH|10
led 05, 2025 6:49:15 ODP. org.example.blackjack.ClientLogger logInfo
INFO: Response from server: YOUR_TURN
led 05, 2025 6:49:15 ODP. org.example.blackjack.ClientLogger logInfo
INFO: Response from server: PLAYER_CARD|5D|5|PLAYER_OK
led 05, 2025 6:49:16 ODP. org.example.blackjack.ClientLogger logInfo
INFO: Sending command to server: HIT
led 05, 2025 6:49:16 ODP. org.example.blackjack.ClientLogger logInfo
INFO: Response from server: DEALER_CARD|8S|18
led 05, 2025 6:49:16 ODP. org.example.blackjack.ClientLogger logInfo
INFO: Response from server: YOUR_TURN
led 05, 2025 6:49:16 ODP. org.example.blackjack.ClientLogger logInfo
INFO: Response from server: PLAYER_CARD|KH|15|PLAYER_OK
led 05, 2025 6:49:17 ODP. org.example.blackjack.ClientLogger logInfo
INFO: Sending command to server: HIT
led 05, 2025 6:49:17 ODP. org.example.blackjack.ClientLogger logInfo
INFO: Response from server: YOUR_TURN
led 05, 2025 6:49:17 ODP. org.example.blackjack.ClientLogger logInfo
INFO: Response from server: PLAYER_CARD|5S|20|PLAYER_OK
led 05, 2025 6:49:18 ODP. org.example.blackjack.ClientLogger logInfo
INFO: Sending command to server: STAND
led 05, 2025 6:49:18 ODP. org.example.blackjack.ClientLogger logInfo
INFO: Response from server: RESULT|18|win
led 05, 2025 6:49:19 ODP. org.example.blackjack.ClientLogger logInfo
INFO: Sending command to server: LEAVE_ROOM
led 05, 2025 6:49:19 ODP. org.example.blackjack.ClientLogger logInfo
INFO: Response from server: PLAYER_LEFT
led 05, 2025 6:49:19 ODP. org.example.blackjack.ClientLogger logInfo
INFO: Sending command to server: REFRESH
led 05, 2025 6:49:19 ODP. org.example.blackjack.ClientLogger logInfo
INFO: Response from server: ROOMS|e0d65b26-9b62c-f3606-305a3-d9d46787a|waiting|0/1
led 05, 2025 6:49:21 ODP. org.example.blackjack.ClientLogger logInfo
INFO: Sending command to server: JOIN_ROOM|e0d65b26-9b62c-f3606-305a3-d9d46787a
led 05, 2025 6:49:21 ODP. org.example.blackjack.ClientLogger logInfo
INFO: Response from server: GAME_START|PLAYER_ID|win
led 05, 2025 6:49:21 ODP. org.example.blackjack.ClientLogger logInfo
INFO: Sending command to server: IN_GAME
led 05, 2025 6:49:21 ODP. org.example.blackjack.ClientLogger logInfo
INFO: Response from server: YOUR_TURN
led 05, 2025 6:49:22 ODP. org.example.blackjack.ClientLogger logInfo
INFO: Sending command to server: HIT
led 05, 2025 6:49:22 ODP. org.example.blackjack.ClientLogger logInfo
INFO: Response from server: DEALER_CARD|2D|2
led 05, 2025 6:49:22 ODP. org.example.blackjack.ClientLogger logInfo
INFO: Response from server: YOUR_TURN
led 05, 2025 6:49:22 ODP. org.example.blackjack.ClientLogger logInfo
INFO: Response from server: PLAYER_CARD|2C|2|PLAYER_OK
led 05, 2025 6:49:23 ODP. org.example.blackjack.ClientLogger logInfo
INFO: Sending command to server: HIT
led 05, 2025 6:49:23 ODP. org.example.blackjack.ClientLogger logInfo
INFO: Response from server: DEALER_CARD|AS|13
led 05, 2025 6:49:23 ODP. org.example.blackjack.ClientLogger logInfo
INFO: Response from server: YOUR_TURN
led 05, 2025 6:49:23 ODP. org.example.blackjack.ClientLogger logInfo
INFO: Response from server: PLAYER_CARD|6S|8|PLAYER_OK
led 05, 2025 6:49:24 ODP. org.example.blackjack.ClientLogger logInfo
INFO: Sending command to server: HIT
led 05, 2025 6:49:24 ODP. org.example.blackjack.ClientLogger logInfo
INFO: Response from server: DEALER_CARD|10H|23
led 05, 2025 6:49:24 ODP. org.example.blackjack.ClientLogger logInfo
INFO: Response from server: YOUR_TURN
led 05, 2025 6:49:24 ODP. org.example.blackjack.ClientLogger logInfo
INFO: Response from server: PLAYER_CARD|2H|10|PLAYER_OK
led 05, 2025 6:49:26 ODP. org.example.blackjack.ClientLogger logInfo
INFO: Sending command to server: HIT
led 05, 2025 6:49:26 ODP. org.example.blackjack.ClientLogger logInfo
INFO: Response from server: YOUR_TURN
led 05, 2025 6:49:26 ODP. org.example.blackjack.ClientLogger logInfo
INFO: Response from server: PLAYER_CARD|AS|21|PLAYER_OK
led 05, 2025 6:49:27 ODP. org.example.blackjack.ClientLogger logInfo
INFO: Sending command to server: STAND
led 05, 2025 6:49:27 ODP. org.example.blackjack.ClientLogger logInfo
INFO: Response from server: RESULT|23|win
led 05, 2025 6:49:28 ODP. org.example.blackjack.ClientLogger logInfo
INFO: Sending command to server: LEAVE_ROOM
led 05, 2025 6:49:28 ODP. org.example.blackjack.ClientLogger logInfo
INFO: Response from server: PLAYER_LEFT
led 05, 2025 6:49:28 ODP. org.example.blackjack.ClientLogger logInfo
INFO: Sending command to server: REFRESH
led 05, 2025 6:49:28 ODP. org.example.blackjack.ClientLogger logInfo
INFO: Response from server: ROOMS|e0d65b26-9b62c-f3606-305a3-d9d46787a|waiting|0/1
led 05, 2025 6:51:18 ODP. org.example.blackjack.ClientLogger logInfo
INFO: Attempting to connect to server...127.0.0.1:8080
led 05, 2025 6:51:18 ODP. org.example.blackjack.ClientLogger logInfo
INFO: Connected to server: 127.0.0.1:8080
led 05, 2025 6:51:18 ODP. org.example.blackjack.ClientLogger logInfo
INFO: Sending command to server: CONNECT|win
led 05, 2025 6:51:18 ODP. org.example.blackjack.ClientLogger logInfo
INFO: Sending command to server: REFRESH
led 05, 2025 6:51:18 ODP. org.example.blackjack.ClientLogger logInfo
INFO: Response from server: ROOMS|e0d65b26-9b62c-f3606-305a3-d9d46787a|waiting|0/1
led 05, 2025 6:51:21 ODP. org.example.blackjack.ClientLogger logInfo
INFO: Sending command to server: CREATE_ROOM|
led 05, 2025 6:51:45 ODP. org.example.blackjack.ClientLogger logWarning
WARNING: No response from server for 20 seconds. Reconnecting...
led 05, 2025 6:51:45 ODP. org.example.blackjack.ClientLogger logInfo
INFO: Attempting to connect to server...127.0.0.1:8080
led 05, 2025 6:51:45 ODP. org.example.blackjack.ClientLogger logInfo
INFO: Reconnection failed. Attempt 1 of 10
led 05, 2025 6:52:45 ODP. org.example.blackjack.ClientLogger logInfo
INFO: Attempting to connect to server...127.0.0.1:8080
led 05, 2025 6:52:45 ODP. org.example.blackjack.ClientLogger logInfo
INFO: Reconnection failed. Attempt 2 of 10
led 05, 2025 6:53:45 ODP. org.example.blackjack.ClientLogger logInfo
INFO: Attempting to connect to server...127.0.0.1:8080
led 05, 2025 6:53:45 ODP. org.example.blackjack.ClientLogger logInfo
INFO: Reconnection failed. Attempt 3 of 10
led 05, 2025 6:54:45 ODP. org.example.blackjack.ClientLogger logInfo
INFO: Attempting to connect to server...127.0.0.1:8080
led 05, 2025 6:54:45 ODP. org.example.blackjack.ClientLogger logInfo
INFO: Reconnection failed. Attempt 4 of 10
led 05, 2025 6:55:40 ODP. org.example.blackjack.ClientLogger logInfo
INFO: Failed to reconnect after 10 attempts.
led 05, 2025 6:56:04 ODP. org.example.blackjack.ClientLogger logInfo
INFO: Attempting to connect to server...127.0.0.1:8080
led 05, 2025 6:56:04 ODP. org.example.blackjack.ClientLogger logInfo
INFO: Connected to server: 127.0.0.1:8080
led 05, 2025 6:56:04 ODP. org.example.blackjack.ClientLogger logInfo
INFO: Sending command to server: CONNECT|win
led 05, 2025 6:56:04 ODP. org.example.blackjack.ClientLogger logInfo
INFO: Sending command to server: REFRESH
led 05, 2025 6:56:04 ODP. org.example.blackjack.ClientLogger logInfo
INFO: Response from server: ROOMS
led 05, 2025 6:56:07 ODP. org.example.blackjack.ClientLogger logInfo
INFO: Sending command to server: CREATE_ROOM|
led 05, 2025 6:56:30 ODP. org.example.blackjack.ClientLogger logWarning
WARNING: No response from server for 20 seconds. Reconnecting...
led 05, 2025 6:56:30 ODP. org.example.blackjack.ClientLogger logInfo
INFO: Attempting to connect to server...127.0.0.1:8080
led 05, 2025 6:56:30 ODP. org.example.blackjack.ClientLogger logInfo
INFO: Reconnection failed. Attempt 1 of 10
led 05, 2025 6:57:30 ODP. org.example.blackjack.ClientLogger logInfo
INFO: Attempting to connect to server...127.0.0.1:8080
led 05, 2025 6:57:30 ODP. org.example.blackjack.ClientLogger logInfo
INFO: Reconnection failed. Attempt 2 of 10
led 05, 2025 6:58:30 ODP. org.example.blackjack.ClientLogger logInfo
INFO: Attempting to connect to server...127.0.0.1:8080
led 05, 2025 6:58:30 ODP. org.example.blackjack.ClientLogger logInfo
INFO: Reconnection failed. Attempt 3 of 10
led 05, 2025 6:59:05 ODP. org.example.blackjack.ClientLogger logInfo
INFO: Failed to reconnect after 10 attempts.
led 05, 2025 6:59:19 ODP. org.example.blackjack.ClientLogger logInfo
INFO: Attempting to connect to server...127.0.0.1:8080
led 05, 2025 6:59:19 ODP. org.example.blackjack.ClientLogger logInfo
INFO: Connected to server: 127.0.0.1:8080
led 05, 2025 6:59:19 ODP. org.example.blackjack.ClientLogger logInfo
INFO: Sending command to server: CONNECT|win
led 05, 2025 6:59:19 ODP. org.example.blackjack.ClientLogger logInfo
INFO: Sending command to server: REFRESH
led 05, 2025 6:59:19 ODP. org.example.blackjack.ClientLogger logInfo
INFO: Response from server: ROOMS
led 05, 2025 6:59:21 ODP. org.example.blackjack.ClientLogger logInfo
INFO: Sending command to server: CREATE_ROOM|
led 05, 2025 6:59:45 ODP. org.example.blackjack.ClientLogger logWarning
WARNING: No response from server for 20 seconds. Reconnecting...
led 05, 2025 6:59:45 ODP. org.example.blackjack.ClientLogger logInfo
INFO: Attempting to connect to server...127.0.0.1:8080
led 05, 2025 6:59:45 ODP. org.example.blackjack.ClientLogger logInfo
INFO: Reconnection failed. Attempt 1 of 10
led 05, 2025 7:00:45 ODP. org.example.blackjack.ClientLogger logInfo
INFO: Attempting to connect to server...127.0.0.1:8080
led 05, 2025 7:00:45 ODP. org.example.blackjack.ClientLogger logInfo
INFO: Reconnection failed. Attempt 2 of 10
led 05, 2025 7:01:45 ODP. org.example.blackjack.ClientLogger logInfo
INFO: Attempting to connect to server...127.0.0.1:8080
led 05, 2025 7:01:45 ODP. org.example.blackjack.ClientLogger logInfo
INFO: Reconnection failed. Attempt 3 of 10
led 05, 2025 7:02:27 ODP. org.example.blackjack.ClientLogger logInfo
INFO: Failed to reconnect after 10 attempts.
led 05, 2025 7:02:45 ODP. org.example.blackjack.ClientLogger logInfo
INFO: Attempting to connect to server...127.0.0.1:8080
led 05, 2025 7:02:45 ODP. org.example.blackjack.ClientLogger logInfo
INFO: Connected to server: 127.0.0.1:8080
led 05, 2025 7:02:45 ODP. org.example.blackjack.ClientLogger logInfo
INFO: Sending command to server: CONNECT|win
led 05, 2025 7:02:45 ODP. org.example.blackjack.ClientLogger logInfo
INFO: Sending command to server: REFRESH
led 05, 2025 7:02:45 ODP. org.example.blackjack.ClientLogger logInfo
INFO: Response from server: ROOMS
led 05, 2025 7:02:48 ODP. org.example.blackjack.ClientLogger logInfo
INFO: Sending command to server: CREATE_ROOM|
led 05, 2025 7:02:53 ODP. org.example.blackjack.ClientLogger logInfo
INFO: Sending command to server: REFRESH
led 05, 2025 7:02:54 ODP. org.example.blackjack.ClientLogger logInfo
INFO: Sending command to server: REFRESH
led 05, 2025 7:03:11 ODP. org.example.blackjack.ClientLogger logWarning
WARNING: No response from server for 20 seconds. Reconnecting...
led 05, 2025 7:03:11 ODP. org.example.blackjack.ClientLogger logInfo
INFO: Attempting to connect to server...127.0.0.1:8080
led 05, 2025 7:03:11 ODP. org.example.blackjack.ClientLogger logInfo
INFO: Reconnection failed. Attempt 1 of 10
led 05, 2025 7:04:11 ODP. org.example.blackjack.ClientLogger logInfo
INFO: Attempting to connect to server...127.0.0.1:8080
led 05, 2025 7:04:11 ODP. org.example.blackjack.ClientLogger logInfo
INFO: Reconnection failed. Attempt 2 of 10
led 05, 2025 7:05:11 ODP. org.example.blackjack.ClientLogger logInfo
INFO: Attempting to connect to server...127.0.0.1:8080
led 05, 2025 7:05:11 ODP. org.example.blackjack.ClientLogger logInfo
INFO: Reconnection failed. Attempt 3 of 10
led 05, 2025 7:05:35 ODP. org.example.blackjack.ClientLogger logInfo
INFO: Failed to reconnect after 10 attempts.
led 05, 2025 7:05:52 ODP. org.example.blackjack.ClientLogger logInfo
INFO: Attempting to connect to server...127.0.0.1:8080
led 05, 2025 7:05:52 ODP. org.example.blackjack.ClientLogger logInfo
INFO: Connected to server: 127.0.0.1:8080
led 05, 2025 7:05:52 ODP. org.example.blackjack.ClientLogger logInfo
INFO: Sending command to server: CONNECT|win
led 05, 2025 7:05:52 ODP. org.example.blackjack.ClientLogger logInfo
INFO: Sending command to server: REFRESH
led 05, 2025 7:05:52 ODP. org.example.blackjack.ClientLogger logInfo
INFO: Response from server: ROOMS
led 05, 2025 7:05:54 ODP. org.example.blackjack.ClientLogger logInfo
INFO: Sending command to server: CREATE_ROOM|
led 05, 2025 7:06:12 ODP. org.example.blackjack.ClientLogger logWarning
WARNING: No response from server for 20 seconds. Reconnecting...
led 05, 2025 7:06:12 ODP. org.example.blackjack.ClientLogger logInfo
INFO: Attempting to connect to server...127.0.0.1:8080
led 05, 2025 7:06:12 ODP. org.example.blackjack.ClientLogger logInfo
INFO: Reconnection failed. Attempt 1 of 10
led 05, 2025 7:07:12 ODP. org.example.blackjack.ClientLogger logInfo
INFO: Attempting to connect to server...127.0.0.1:8080
led 05, 2025 7:07:12 ODP. org.example.blackjack.ClientLogger logInfo
INFO: Reconnection failed. Attempt 2 of 10
led 05, 2025 7:08:12 ODP. org.example.blackjack.ClientLogger logInfo
INFO: Attempting to connect to server...127.0.0.1:8080
led 05, 2025 7:08:12 ODP. org.example.blackjack.ClientLogger logInfo
INFO: Connected to server: 127.0.0.1:8080
led 05, 2025 7:08:12 ODP. org.example.blackjack.ClientLogger logInfo
INFO: Sending command to server: CONNECT|win
led 05, 2025 7:08:12 ODP. org.example.blackjack.ClientLogger logInfo
INFO: Reconnected successfully.
led 05, 2025 7:08:23 ODP. org.example.blackjack.ClientLogger logInfo
INFO: Attempting to connect to server...127.0.0.1:8080
led 05, 2025 7:08:23 ODP. org.example.blackjack.ClientLogger logInfo
INFO: Connected to server: 127.0.0.1:8080
led 05, 2025 7:08:23 ODP. org.example.blackjack.ClientLogger logInfo
INFO: Sending command to server: CONNECT|win
led 05, 2025 7:08:23 ODP. org.example.blackjack.ClientLogger logInfo
INFO: Sending command to server: REFRESH
led 05, 2025 7:08:23 ODP. org.example.blackjack.ClientLogger logInfo
INFO: Response from server: ROOMS
led 05, 2025 7:08:26 ODP. org.example.blackjack.ClientLogger logInfo
INFO: Sending command to server: CREATE_ROOM|
led 05, 2025 7:08:52 ODP. org.example.blackjack.ClientLogger logWarning
WARNING: No response from server for 20 seconds. Reconnecting...
led 05, 2025 7:08:52 ODP. org.example.blackjack.ClientLogger logInfo
INFO: Attempting to connect to server...127.0.0.1:8080
led 05, 2025 7:08:52 ODP. org.example.blackjack.ClientLogger logInfo
INFO: Reconnection failed. Attempt 1 of 10
led 05, 2025 7:09:21 ODP. org.example.blackjack.ClientLogger logInfo
INFO: Attempting to connect to server...127.0.0.1:8080
led 05, 2025 7:09:21 ODP. org.example.blackjack.ClientLogger logInfo
INFO: Connected to server: 127.0.0.1:8080
led 05, 2025 7:09:21 ODP. org.example.blackjack.ClientLogger logInfo
INFO: Sending command to server: CONNECT|win
led 05, 2025 7:09:21 ODP. org.example.blackjack.ClientLogger logInfo
INFO: Sending command to server: REFRESH
led 05, 2025 7:09:21 ODP. org.example.blackjack.ClientLogger logInfo
INFO: Response from server: ROOMS
led 05, 2025 7:09:25 ODP. org.example.blackjack.ClientLogger logInfo
INFO: Sending command to server: CREATE_ROOM|
led 05, 2025 7:09:41 ODP. org.example.blackjack.ClientLogger logWarning
WARNING: No response from server for 20 seconds. Reconnecting...
led 05, 2025 7:09:41 ODP. org.example.blackjack.ClientLogger logInfo
INFO: Attempting to connect to server...127.0.0.1:8080
led 05, 2025 7:09:41 ODP. org.example.blackjack.ClientLogger logInfo
INFO: Connected to server: 127.0.0.1:8080
led 05, 2025 7:09:41 ODP. org.example.blackjack.ClientLogger logInfo
INFO: Sending command to server: CONNECT|win
led 05, 2025 7:09:41 ODP. org.example.blackjack.ClientLogger logInfo
INFO: Reconnected successfully.
led 05, 2025 7:10:01 ODP. org.example.blackjack.ClientLogger logWarning
WARNING: No response from server for 20 seconds. Reconnecting...
led 05, 2025 7:10:01 ODP. org.example.blackjack.ClientLogger logInfo
INFO: Attempting to connect to server...127.0.0.1:8080
led 05, 2025 7:10:01 ODP. org.example.blackjack.ClientLogger logInfo
INFO: Connected to server: 127.0.0.1:8080
led 05, 2025 7:10:01 ODP. org.example.blackjack.ClientLogger logInfo
INFO: Sending command to server: CONNECT|win
led 05, 2025 7:10:01 ODP. org.example.blackjack.ClientLogger logInfo
INFO: Reconnected successfully.
led 05, 2025 7:10:21 ODP. org.example.blackjack.ClientLogger logWarning
WARNING: No response from server for 20 seconds. Reconnecting...
led 05, 2025 7:10:21 ODP. org.example.blackjack.ClientLogger logInfo
INFO: Attempting to connect to server...127.0.0.1:8080
led 05, 2025 7:10:21 ODP. org.example.blackjack.ClientLogger logInfo
INFO: Reconnection failed. Attempt 1 of 10
led 05, 2025 7:10:48 ODP. org.example.blackjack.ClientLogger logInfo
INFO: Failed to reconnect after 10 attempts.
led 05, 2025 7:11:17 ODP. org.example.blackjack.ClientLogger logInfo
INFO: Attempting to connect to server...127.0.0.1:8080
led 05, 2025 7:11:17 ODP. org.example.blackjack.ClientLogger logInfo
INFO: Connected to server: 127.0.0.1:8080
led 05, 2025 7:11:17 ODP. org.example.blackjack.ClientLogger logInfo
INFO: Sending command to server: CONNECT|win
led 05, 2025 7:11:17 ODP. org.example.blackjack.ClientLogger logInfo
INFO: Sending command to server: REFRESH
led 05, 2025 7:11:17 ODP. org.example.blackjack.ClientLogger logInfo
INFO: Response from server: ROOMS
led 05, 2025 7:11:20 ODP. org.example.blackjack.ClientLogger logInfo
INFO: Sending command to server: CREATE_ROOM|
led 05, 2025 7:11:43 ODP. org.example.blackjack.ClientLogger logWarning
WARNING: No response from server for 20 seconds. Reconnecting...
led 05, 2025 7:11:43 ODP. org.example.blackjack.ClientLogger logInfo
INFO: Attempting to connect to server...127.0.0.1:8080
led 05, 2025 7:11:43 ODP. org.example.blackjack.ClientLogger logInfo
INFO: Reconnection failed. Attempt 1 of 10
led 05, 2025 7:12:43 ODP. org.example.blackjack.ClientLogger logInfo
INFO: Attempting to connect to server...127.0.0.1:8080
led 05, 2025 7:12:43 ODP. org.example.blackjack.ClientLogger logInfo
INFO: Reconnection failed. Attempt 2 of 10
led 05, 2025 7:13:43 ODP. org.example.blackjack.ClientLogger logInfo
INFO: Attempting to connect to server...127.0.0.1:8080
led 05, 2025 7:13:43 ODP. org.example.blackjack.ClientLogger logInfo
INFO: Reconnection failed. Attempt 3 of 10
led 05, 2025 7:14:30 ODP. org.example.blackjack.ClientLogger logInfo
INFO: Failed to reconnect after 10 attempts.
led 05, 2025 7:14:42 ODP. org.example.blackjack.ClientLogger logInfo
INFO: Attempting to connect to server...127.0.0.1:8080
led 05, 2025 7:14:42 ODP. org.example.blackjack.ClientLogger logInfo
INFO: Connected to server: 127.0.0.1:8080
led 05, 2025 7:14:42 ODP. org.example.blackjack.ClientLogger logInfo
INFO: Sending command to server: CONNECT|win
led 05, 2025 7:14:42 ODP. org.example.blackjack.ClientLogger logInfo
INFO: Sending command to server: REFRESH
led 05, 2025 7:14:42 ODP. org.example.blackjack.ClientLogger logInfo
INFO: Response from server: ROOMS
led 05, 2025 7:14:44 ODP. org.example.blackjack.ClientLogger logInfo
INFO: Sending command to server: CREATE_ROOM|
led 05, 2025 7:15:08 ODP. org.example.blackjack.ClientLogger logWarning
WARNING: No response from server for 20 seconds. Reconnecting...
led 05, 2025 7:15:08 ODP. org.example.blackjack.ClientLogger logInfo
INFO: Attempting to connect to server...127.0.0.1:8080
led 05, 2025 7:15:08 ODP. org.example.blackjack.ClientLogger logInfo
INFO: Reconnection failed. Attempt 1 of 10
led 05, 2025 7:16:08 ODP. org.example.blackjack.ClientLogger logInfo
INFO: Attempting to connect to server...127.0.0.1:8080
led 05, 2025 7:16:08 ODP. org.example.blackjack.ClientLogger logInfo
INFO: Reconnection failed. Attempt 2 of 10
led 05, 2025 7:17:08 ODP. org.example.blackjack.ClientLogger logInfo
INFO: Attempting to connect to server...127.0.0.1:8080
led 05, 2025 7:17:08 ODP. org.example.blackjack.ClientLogger logInfo
INFO: Reconnection failed. Attempt 3 of 10
led 05, 2025 7:18:08 ODP. org.example.blackjack.ClientLogger logInfo
INFO: Attempting to connect to server...127.0.0.1:8080
led 05, 2025 7:18:08 ODP. org.example.blackjack.ClientLogger logInfo
INFO: Reconnection failed. Attempt 4 of 10
led 05, 2025 7:19:08 ODP. org.example.blackjack.ClientLogger logInfo
INFO: Attempting to connect to server...127.0.0.1:8080
led 05, 2025 7:19:08 ODP. org.example.blackjack.ClientLogger logInfo
INFO: Reconnection failed. Attempt 5 of 10
led 05, 2025 7:20:08 ODP. org.example.blackjack.ClientLogger logInfo
INFO: Attempting to connect to server...127.0.0.1:8080
led 05, 2025 7:20:08 ODP. org.example.blackjack.ClientLogger logInfo
INFO: Reconnection failed. Attempt 6 of 10
led 05, 2025 7:21:08 ODP. org.example.blackjack.ClientLogger logInfo
INFO: Attempting to connect to server...127.0.0.1:8080
led 05, 2025 7:21:08 ODP. org.example.blackjack.ClientLogger logInfo
INFO: Reconnection failed. Attempt 7 of 10
led 05, 2025 7:22:08 ODP. org.example.blackjack.ClientLogger logInfo
INFO: Attempting to connect to server...127.0.0.1:8080
led 05, 2025 7:22:08 ODP. org.example.blackjack.ClientLogger logInfo
INFO: Reconnection failed. Attempt 8 of 10
led 05, 2025 7:23:08 ODP. org.example.blackjack.ClientLogger logInfo
INFO: Attempting to connect to server...127.0.0.1:8080
led 05, 2025 7:23:08 ODP. org.example.blackjack.ClientLogger logInfo
INFO: Reconnection failed. Attempt 9 of 10
led 05, 2025 7:24:02 ODP. org.example.blackjack.ClientLogger logInfo
INFO: Failed to reconnect after 10 attempts.
